{"/Users/Dennis/sites/libraries/vanillafilter/src/scripts/vanillafilter.js":{"path":"/Users/Dennis/sites/libraries/vanillafilter/src/scripts/vanillafilter.js","s":{"1":1,"2":1,"3":1,"4":1,"5":0,"6":1,"7":1,"8":1,"9":1,"10":0,"11":1,"12":0,"13":1,"14":0,"15":0,"16":0,"17":0,"18":0,"19":0,"20":0,"21":1,"22":0,"23":0,"24":0,"25":0,"26":1,"27":0,"28":1,"29":0,"30":0,"31":0},"b":{"1":[0,1],"2":[1,0],"3":[1,0],"4":[0,0],"5":[0,0],"6":[0,0],"7":[0,0],"8":[0,0]},"f":{"1":1,"2":1,"3":0,"4":0,"5":0,"6":0,"7":0,"8":0,"9":0,"10":0},"fnMap":{"1":{"name":"(anonymous_1)","line":2,"loc":{"start":{"line":2,"column":1},"end":{"line":2,"column":12}}},"2":{"name":"(anonymous_2)","line":6,"loc":{"start":{"line":6,"column":22},"end":{"line":6,"column":33}}},"3":{"name":"(anonymous_3)","line":38,"loc":{"start":{"line":38,"column":36},"end":{"line":38,"column":52}}},"4":{"name":"(anonymous_4)","line":49,"loc":{"start":{"line":49,"column":32},"end":{"line":49,"column":59}}},"5":{"name":"(anonymous_5)","line":56,"loc":{"start":{"line":56,"column":41},"end":{"line":56,"column":57}}},"6":{"name":"(anonymous_6)","line":64,"loc":{"start":{"line":64,"column":104},"end":{"line":64,"column":120}}},"7":{"name":"(anonymous_7)","line":72,"loc":{"start":{"line":72,"column":20},"end":{"line":72,"column":35}}},"8":{"name":"extendDefaults","line":84,"loc":{"start":{"line":84,"column":1},"end":{"line":84,"column":45}}},"9":{"name":"getTriggerHandler","line":98,"loc":{"start":{"line":98,"column":1},"end":{"line":98,"column":37}}},"10":{"name":"getFilterValue","line":107,"loc":{"start":{"line":107,"column":1},"end":{"line":107,"column":42}}}},"statementMap":{"1":{"start":{"line":2,"column":0},"end":{"line":114,"column":5}},"2":{"start":{"line":6,"column":1},"end":{"line":42,"column":2}},"3":{"start":{"line":11,"column":2},"end":{"line":15,"column":3}},"4":{"start":{"line":21,"column":2},"end":{"line":23,"column":3}},"5":{"start":{"line":22,"column":3},"end":{"line":22,"column":61}},"6":{"start":{"line":29,"column":2},"end":{"line":29,"column":95}},"7":{"start":{"line":35,"column":2},"end":{"line":41,"column":3}},"8":{"start":{"line":36,"column":3},"end":{"line":36,"column":16}},"9":{"start":{"line":38,"column":3},"end":{"line":40,"column":6}},"10":{"start":{"line":39,"column":4},"end":{"line":39,"column":85}},"11":{"start":{"line":49,"column":1},"end":{"line":51,"column":2}},"12":{"start":{"line":50,"column":2},"end":{"line":50,"column":80}},"13":{"start":{"line":56,"column":1},"end":{"line":77,"column":2}},"14":{"start":{"line":57,"column":2},"end":{"line":57,"column":25}},"15":{"start":{"line":59,"column":2},"end":{"line":59,"column":15}},"16":{"start":{"line":64,"column":2},"end":{"line":66,"column":5}},"17":{"start":{"line":65,"column":3},"end":{"line":65,"column":85}},"18":{"start":{"line":72,"column":2},"end":{"line":76,"column":5}},"19":{"start":{"line":73,"column":3},"end":{"line":73,"column":184}},"20":{"start":{"line":75,"column":3},"end":{"line":75,"column":82}},"21":{"start":{"line":84,"column":1},"end":{"line":92,"column":2}},"22":{"start":{"line":85,"column":2},"end":{"line":89,"column":3}},"23":{"start":{"line":86,"column":3},"end":{"line":88,"column":4}},"24":{"start":{"line":87,"column":4},"end":{"line":87,"column":44}},"25":{"start":{"line":91,"column":2},"end":{"line":91,"column":16}},"26":{"start":{"line":98,"column":1},"end":{"line":100,"column":2}},"27":{"start":{"line":99,"column":2},"end":{"line":99,"column":76}},"28":{"start":{"line":107,"column":1},"end":{"line":113,"column":2}},"29":{"start":{"line":108,"column":2},"end":{"line":112,"column":3}},"30":{"start":{"line":109,"column":3},"end":{"line":109,"column":23}},"31":{"start":{"line":111,"column":3},"end":{"line":111,"column":34}}},"branchMap":{"1":{"line":21,"type":"if","locations":[{"start":{"line":21,"column":2},"end":{"line":21,"column":2}},{"start":{"line":21,"column":2},"end":{"line":21,"column":2}}]},"2":{"line":21,"type":"binary-expr","locations":[{"start":{"line":21,"column":6},"end":{"line":21,"column":18}},{"start":{"line":21,"column":22},"end":{"line":21,"column":54}}]},"3":{"line":35,"type":"if","locations":[{"start":{"line":35,"column":2},"end":{"line":35,"column":2}},{"start":{"line":35,"column":2},"end":{"line":35,"column":2}}]},"4":{"line":73,"type":"binary-expr","locations":[{"start":{"line":73,"column":21},"end":{"line":73,"column":117}},{"start":{"line":73,"column":122},"end":{"line":73,"column":183}}]},"5":{"line":75,"type":"cond-expr","locations":[{"start":{"line":75,"column":44},"end":{"line":75,"column":72}},{"start":{"line":75,"column":75},"end":{"line":75,"column":81}}]},"6":{"line":86,"type":"if","locations":[{"start":{"line":86,"column":3},"end":{"line":86,"column":3}},{"start":{"line":86,"column":3},"end":{"line":86,"column":3}}]},"7":{"line":99,"type":"cond-expr","locations":[{"start":{"line":99,"column":57},"end":{"line":99,"column":65}},{"start":{"line":99,"column":68},"end":{"line":99,"column":75}}]},"8":{"line":108,"type":"if","locations":[{"start":{"line":108,"column":2},"end":{"line":108,"column":2}},{"start":{"line":108,"column":2},"end":{"line":108,"column":2}}]}}}}