TN:
SF:/Users/Dennis/sites/libraries/vanillafilter/src/scripts/vanillafilter.js
FN:2,(anonymous_1)
FN:6,(anonymous_2)
FN:38,(anonymous_3)
FN:49,(anonymous_4)
FN:56,(anonymous_5)
FN:64,(anonymous_6)
FN:72,(anonymous_7)
FN:84,extendDefaults
FN:98,getTriggerHandler
FN:107,getFilterValue
FNF:10
FNH:2
FNDA:1,(anonymous_1)
FNDA:1,(anonymous_2)
FNDA:0,(anonymous_3)
FNDA:0,(anonymous_4)
FNDA:0,(anonymous_5)
FNDA:0,(anonymous_6)
FNDA:0,(anonymous_7)
FNDA:0,extendDefaults
FNDA:0,getTriggerHandler
FNDA:0,getFilterValue
DA:2,1
DA:6,1
DA:11,1
DA:21,1
DA:22,0
DA:29,1
DA:35,1
DA:36,1
DA:38,1
DA:39,0
DA:49,1
DA:50,0
DA:56,1
DA:57,0
DA:59,0
DA:64,0
DA:65,0
DA:72,0
DA:73,0
DA:75,0
DA:84,1
DA:85,0
DA:86,0
DA:87,0
DA:91,0
DA:98,1
DA:99,0
DA:107,1
DA:108,0
DA:109,0
DA:111,0
LF:31
LH:13
BRDA:21,1,0,0
BRDA:21,1,1,1
BRDA:21,2,0,1
BRDA:21,2,1,0
BRDA:35,3,0,1
BRDA:35,3,1,0
BRDA:73,4,0,0
BRDA:73,4,1,0
BRDA:75,5,0,0
BRDA:75,5,1,0
BRDA:86,6,0,0
BRDA:86,6,1,0
BRDA:99,7,0,0
BRDA:99,7,1,0
BRDA:108,8,0,0
BRDA:108,8,1,0
BRF:16
BRH:3
end_of_record
